f:\快盘\sconsole_project\sc_template\sc_console_template\x64\debug\vc140.pdb
f:\快盘\sconsole_project\sc_template\sc_console_template\x64\debug\vc140.idb
f:\快盘\sconsole_project\sc_template\sc_console_template\x64\debug\test_log.obj
f:\快盘\sconsole_project\sc_template\sc_console_template\x64\debug\test_cjson_write.obj
f:\快盘\sconsole_project\sc_template\sc_console_template\x64\debug\test_csjon.obj
f:\快盘\sconsole_project\sc_template\sc_console_template\x64\debug\test_csv.obj
f:\快盘\sconsole_project\sc_template\sc_console_template\x64\debug\test_json_read.obj
f:\快盘\sconsole_project\sc_template\sc_console_template\x64\debug\test_scconf.obj
f:\快盘\sconsole_project\sc_template\sc_console_template\x64\debug\test_tstring.obj
f:\快盘\sconsole_project\sc_template\sc_console_template\x64\debug\cjson.obj
f:\快盘\sconsole_project\sc_template\sc_console_template\x64\debug\scconf.obj
f:\快盘\sconsole_project\sc_template\sc_console_template\x64\debug\sccsv.obj
f:\快盘\sconsole_project\sc_template\sc_console_template\x64\debug\schead.obj
f:\快盘\sconsole_project\sc_template\sc_console_template\x64\debug\sclog.obj
f:\快盘\sconsole_project\sc_template\sc_console_template\x64\debug\list.obj
f:\快盘\sconsole_project\sc_template\sc_console_template\x64\debug\tree.obj
f:\快盘\sconsole_project\sc_template\sc_console_template\x64\debug\tstring.obj
f:\快盘\sconsole_project\sc_template\x64\debug\sc_console_template.ilk
f:\快盘\sconsole_project\sc_template\x64\debug\sc_console_template.exe
f:\快盘\sconsole_project\sc_template\x64\debug\sc_console_template.pdb
f:\快盘\sconsole_project\sc_template\sc_console_template\x64\debug\sc_conso.1f91fc48.tlog\cl.command.1.tlog
f:\快盘\sconsole_project\sc_template\sc_console_template\x64\debug\sc_conso.1f91fc48.tlog\cl.read.1.tlog
f:\快盘\sconsole_project\sc_template\sc_console_template\x64\debug\sc_conso.1f91fc48.tlog\cl.write.1.tlog
f:\快盘\sconsole_project\sc_template\sc_console_template\x64\debug\sc_conso.1f91fc48.tlog\link.command.1.tlog
f:\快盘\sconsole_project\sc_template\sc_console_template\x64\debug\sc_conso.1f91fc48.tlog\link.read.1.tlog
f:\快盘\sconsole_project\sc_template\sc_console_template\x64\debug\sc_conso.1f91fc48.tlog\link.write.1.tlog
